Arguments: 
  /Users/NF185048/.nvm/versions/node/v12.1.0/bin/node /Users/NF185048/.nvm/versions/node/v12.1.0/bin/yarn add -W lerna

PATH: 
  /Users/NF185048/.nvm/versions/node/v12.1.0/bin:/Users/NF185048/Documents/Workspaces/flutter/bin:/usr/local/bin:/usr/bin:/bin:/usr/sbin:/sbin:/Library/Apple/usr/bin:[Documents/Learning/flutter]/bin

Yarn version: 
  1.22.15

Node version: 
  12.1.0

Platform: 
  darwin x64

Trace: 
  Error: unable to get local issuer certificate
      at TLSSocket.onConnectSecure (_tls_wrap.js:1260:34)
      at TLSSocket.emit (events.js:196:13)
      at TLSSocket._finishInit (_tls_wrap.js:737:8)
      at TLSWrap.ssl.onhandshakedone (_tls_wrap.js:569:12)

npm manifest: 
  {
    "name": "workspaces",
    "private": true,
    "workspaces": [
      "packages/*"
    ],
    "version": "1.0.0",
    "main": "index.js",
    "license": "MIT"
  }

yarn manifest: 
  No manifest

Lockfile: 
  # THIS IS AN AUTOGENERATED FILE. DO NOT EDIT THIS FILE DIRECTLY.
  # yarn lockfile v1
